<?xml version="1.0" encoding="UTF-8"?>
<Site BuildName="Linux-c++"
	BuildStamp="20231206-0850-Experimental"
	Name="marbu-ntu"
	Generator="ctest-3.22.1"
	CompilerName="/usr/bin/c++"
	CompilerVersion="11.4.0"
	OSName="Linux"
	Hostname="marbu-ntu"
	OSRelease="6.2.0-37-generic"
	OSVersion="#38~22.04.1-Ubuntu SMP PREEMPT_DYNAMIC Thu Nov  2 18:01:13 UTC 2"
	OSPlatform="x86_64"
	Is64Bits="1"
	VendorString="AuthenticAMD"
	VendorID="Advanced Micro Devices"
	FamilyID="25"
	ModelID="80"
	ProcessorCacheSize="512"
	NumberOfLogicalCPU="16"
	NumberOfPhysicalCPU="8"
	TotalVirtualMemory="2047"
	TotalPhysicalMemory="13816"
	LogicalProcessorsPerPhysical="2"
	ProcessorClockFrequency="3209.38"
	>
	<Testing>
		<StartDateTime>Dec 06 09:50 CET</StartDateTime>
		<StartTestTime>1701852638</StartTestTime>
		<TestList/>
		<EndDateTime>Dec 06 09:50 CET</EndDateTime>
		<EndTestTime>1701852638</EndTestTime>
		<ElapsedMinutes>0</ElapsedMinutes>
	</Testing>
</Site>
